<html>
<head>
<title>Hamigaki Compiler Status Error Log</title>
</head>
<body bgcolor="#ffffff" text="#000000">
<table border="0">
<tr>
<td><img border="0" src="../hamigaki.png" width="96" height="72"></td>
<td>
<h1>Compiler Status: Cygwin</h1>
<b>Run Date:</b> 14:34:09 UTC, Tuesday 17 July 2007
</td>
</table>
<br>
<h2><a name="config-config_info-gcc">config - config_info - gcc</a></h2>
<h3>Run output:</h3><pre>
GNU C++ version 3.4.4 (cygming special, gdc 0.12, using dmd 0.125)
Detected Platform: Cygwin

EXIT STATUS: 0
</pre>
<h2><a name="audio-ds_enum_test-gcc">audio - ds_enum_test - gcc</a></h2>
<h3>Run output:</h3><pre>
Running 2 test cases...
The installed DirectSound drivers:
プライマリ サウンド ドライバ
Creative Sound Blaster PCI

The installed DirectSoundCapture drivers:
プライマリ サウンド キャプチャ ドライバ
Creative Sound Blaster PCI


*** No errors detected

EXIT STATUS: 0
</pre>
<h2><a name="bjam-builtin_rules_test-gcc">bjam - builtin_rules_test - gcc</a></h2>
<h3>Linker output:</h3><pre>
Chmod1 ../bin/hamigaki/libs/bjam/test/builtin_rules_test.test/gcc/debug/debug-symbols-off/builtin_rules_test.exe
</pre>
<h3>Run output:</h3><pre>
Running 37 test cases...
../libs/bjam/test/builtin_rules_test.cpp(761): error in "w32_getreg_test": check result.size() &gt;= 2 failed
../libs/bjam/test/builtin_rules_test.cpp(767): error in "w32_getreg_test": check std::find( result.begin(), result.end(), "SeLoadDriverPrivilege" ) != result.end() failed

*** 2 failures detected in test suite "builtin rules test"

EXIT STATUS: 201
</pre>
<h2><a name="coroutine-coroutine_test-gcc">coroutine - coroutine_test - gcc</a></h2>
<h3>Run output:</h3><pre>
Running 1 test case...
hello
hello
hello

0
2
4
6
8
10
12
14
16
18

0
1
2
1
2
3
2
3
4

s00
s01
s02
s10
s11
s12
s20
s21
s22


*** No errors detected

EXIT STATUS: 0
</pre>
<h2><a name="coroutine-coro_config_test-gcc">coroutine - coro_config_test - gcc</a></h2>
<h3>Run output:</h3><pre>
Running 1 test case...
use POSIX thread

*** No errors detected

EXIT STATUS: 0
</pre>
<h2><a name="coroutine-generator_test-gcc">coroutine - generator_test - gcc</a></h2>
<h3>Run output:</h3><pre>
*** No errors detected
Running 1 test case...
0
1
2
3
4
5
6
7
8
9

EXIT STATUS: 0
</pre>
<h2><a name="coroutine-processor_test-gcc">coroutine - processor_test - gcc</a></h2>
<h3>Run output:</h3><pre>
Running 1 test case...
0
1
2
3
4
5
6
7
8
9

*** No errors detected

EXIT STATUS: 0
</pre>
<h2><a name="coroutine-yield_to_arg_test-gcc">coroutine - yield_to_arg_test - gcc</a></h2>
<h3>Run output:</h3><pre>
Running 1 test case...
A(10)
B(11)

A(20)
B(21)
A(22)

OK

*** No errors detected

EXIT STATUS: 0
</pre>
<h2><a name="coroutine-yield_to_res_test-gcc">coroutine - yield_to_res_test - gcc</a></h2>
<h3>Run output:</h3><pre>
Running 1 test case...
A
B

A
B
A

A
B
C

OK

*** No errors detected

EXIT STATUS: 0
</pre>
<h2><a name="coroutine-yield_to_test-gcc">coroutine - yield_to_test - gcc</a></h2>
<h3>Run output:</h3><pre>
Running 1 test case...
A
B

A
B
A

OK

*** No errors detected

EXIT STATUS: 0
</pre>
</body>
</html>
