<html>
<head>
<meta http-equiv="Content-Type" content="text/html; charset=Shift_JIS">
<title>Hamigaki Compiler Status Error Log</title>
</head>
<body bgcolor="#ffffff" text="#000000">
<table border="0">
<tr>
<td><img border="0" src="../hamigaki.png" width="96" height="72"></td>
<td>
<h1>Compiler Status: Win32</h1>
<b>Run Date:</b> 03:31:52 UTC, Sunday 22 July 2007
</td>
</table>
<br>
<h2><a name="config-config_info-gcc-mingw-3.4.2">config - config_info - gcc-mingw-3.4.2</a></h2>
<h3>Run output:</h3><pre>
GNU C++ version 3.4.2 (mingw-special)
Detected Platform: Win32
 
EXIT STATUS: 0 
</pre>
<h2><a name="config-config_info-msvc-7.1">config - config_info - msvc-7.1</a></h2>
<h3>Run output:</h3><pre>
Microsoft Visual C++ version 7.1
Detected Platform: Win32
 
EXIT STATUS: 0 
</pre>
<h2><a name="config-config_info-msvc-8.0">config - config_info - msvc-8.0</a></h2>
<h3>Run output:</h3><pre>
Microsoft Visual C++ version 8.0
Detected Platform: Win32
 
EXIT STATUS: 0 
</pre>
<h2><a name="archivers-iso9660_1999_test-msvc-7.1">archivers - iso9660_1999_test - msvc-7.1</a></h2>
<h3>Compiler output:</h3><pre>
iso9660_1999_test.cpp
..\hamigaki\archivers\iso\headers.hpp(109) : warning C4309: 'static_cast' : 定数値が切り捨てられました。
</pre>
<h2><a name="archivers-iso9660_1999_test-msvc-8.0">archivers - iso9660_1999_test - msvc-8.0</a></h2>
<h3>Compiler output:</h3><pre>
iso9660_1999_test.cpp
..\hamigaki/archivers/iso/headers.hpp(109) : warning C4309: 'static_cast' : 定数値が切り捨てられました。
</pre>
<h2><a name="archivers-iso9660_lv1_test-msvc-7.1">archivers - iso9660_lv1_test - msvc-7.1</a></h2>
<h3>Compiler output:</h3><pre>
iso9660_lv1_test.cpp
..\hamigaki\archivers\iso\headers.hpp(109) : warning C4309: 'static_cast' : 定数値が切り捨てられました。
</pre>
<h2><a name="archivers-iso9660_lv1_test-msvc-8.0">archivers - iso9660_lv1_test - msvc-8.0</a></h2>
<h3>Compiler output:</h3><pre>
iso9660_lv1_test.cpp
..\hamigaki/archivers/iso/headers.hpp(109) : warning C4309: 'static_cast' : 定数値が切り捨てられました。
</pre>
<h2><a name="archivers-iso9660_lv2_test-msvc-7.1">archivers - iso9660_lv2_test - msvc-7.1</a></h2>
<h3>Compiler output:</h3><pre>
iso9660_lv2_test.cpp
..\hamigaki\archivers\iso\headers.hpp(109) : warning C4309: 'static_cast' : 定数値が切り捨てられました。
</pre>
<h2><a name="archivers-iso9660_lv2_test-msvc-8.0">archivers - iso9660_lv2_test - msvc-8.0</a></h2>
<h3>Compiler output:</h3><pre>
iso9660_lv2_test.cpp
..\hamigaki/archivers/iso/headers.hpp(109) : warning C4309: 'static_cast' : 定数値が切り捨てられました。
</pre>
<h2><a name="archivers-iso9660_lv3_test-msvc-7.1">archivers - iso9660_lv3_test - msvc-7.1</a></h2>
<h3>Compiler output:</h3><pre>
iso9660_lv3_test.cpp
..\hamigaki\archivers\iso\headers.hpp(109) : warning C4309: 'static_cast' : 定数値が切り捨てられました。
</pre>
<h2><a name="archivers-iso9660_lv3_test-msvc-8.0">archivers - iso9660_lv3_test - msvc-8.0</a></h2>
<h3>Compiler output:</h3><pre>
iso9660_lv3_test.cpp
..\hamigaki/archivers/iso/headers.hpp(109) : warning C4309: 'static_cast' : 定数値が切り捨てられました。
</pre>
<h2><a name="archivers-joliet_test-msvc-7.1">archivers - joliet_test - msvc-7.1</a></h2>
<h3>Compiler output:</h3><pre>
joliet_test.cpp
..\hamigaki\archivers\iso\headers.hpp(109) : warning C4309: 'static_cast' : 定数値が切り捨てられました。
</pre>
<h2><a name="archivers-joliet_test-msvc-8.0">archivers - joliet_test - msvc-8.0</a></h2>
<h3>Compiler output:</h3><pre>
joliet_test.cpp
..\hamigaki/archivers/iso/headers.hpp(109) : warning C4309: 'static_cast' : 定数値が切り捨てられました。
</pre>
<h2><a name="archivers-rock_ridge_test-msvc-7.1">archivers - rock_ridge_test - msvc-7.1</a></h2>
<h3>Compiler output:</h3><pre>
rock_ridge_test.cpp
..\hamigaki\archivers\iso\headers.hpp(109) : warning C4309: 'static_cast' : 定数値が切り捨てられました。
</pre>
<h2><a name="archivers-rock_ridge_test-msvc-8.0">archivers - rock_ridge_test - msvc-8.0</a></h2>
<h3>Compiler output:</h3><pre>
rock_ridge_test.cpp
..\hamigaki/archivers/iso/headers.hpp(109) : warning C4309: 'static_cast' : 定数値が切り捨てられました。
</pre>
<h2><a name="audio-ds_enum_test-gcc-mingw-3.4.2">audio - ds_enum_test - gcc-mingw-3.4.2</a></h2>
<h3>Run output:</h3><pre>
Running 2 test cases...
The installed DirectSound drivers:
プライマリ サウンド ドライバ
スピーカー (SoundMAX Integrated Digital Audio)

The installed DirectSoundCapture drivers:
プライマリ サウンド キャプチャ ドライバ
マイク (SoundMAX Integrated Digital Audio)
ライン入力 (SoundMAX Integrated Digital Audio)


*** No errors detected
 
EXIT STATUS: 0 
</pre>
<h2><a name="audio-ds_enum_test-msvc-7.1">audio - ds_enum_test - msvc-7.1</a></h2>
<h3>Run output:</h3><pre>
Running 2 test cases...
The installed DirectSound drivers:
プライマリ サウンド ドライバ
スピーカー (SoundMAX Integrated Digital Audio)

The installed DirectSoundCapture drivers:
プライマリ サウンド キャプチャ ドライバ
マイク (SoundMAX Integrated Digital Audio)
ライン入力 (SoundMAX Integrated Digital Audio)


*** No errors detected
 
EXIT STATUS: 0 
</pre>
<h2><a name="audio-ds_enum_test-msvc-8.0">audio - ds_enum_test - msvc-8.0</a></h2>
<h3>Run output:</h3><pre>
Running 2 test cases...
The installed DirectSound drivers:
プライマリ サウンド ドライバ
スピーカー (SoundMAX Integrated Digital Audio)

The installed DirectSoundCapture drivers:
プライマリ サウンド キャプチャ ドライバ
マイク (SoundMAX Integrated Digital Audio)
ライン入力 (SoundMAX Integrated Digital Audio)


*** No errors detected
 
EXIT STATUS: 0 
</pre>
<h2><a name="bjam-builtin_rules_test-gcc-mingw-3.4.2">bjam - builtin_rules_test - gcc-mingw-3.4.2</a></h2>
<h3>Run output:</h3><pre>
Running 37 test cases...

../libs/bjam/test/builtin_rules_test.cpp(65): error in "echo_test": check buf.str() == std::string("\n") failed [ != 
]
a
../libs/bjam/test/builtin_rules_test.cpp(69): error in "echo_test": check buf.str() == std::string("a\n") failed [ != a
]
a b
../libs/bjam/test/builtin_rules_test.cpp(74): error in "echo_test": check buf.str() == std::string("a b\n") failed [ != a b
]

*** 3 failures detected in test suite "Master Test Suite"
 
EXIT STATUS: 201 
</pre>
<h2><a name="coroutine-coroutine_test-gcc-mingw-3.4.2">coroutine - coroutine_test - gcc-mingw-3.4.2</a></h2>
<h3>Run output:</h3><pre>
Running 1 test case...
hello
hello
hello

0
2
4
6
8
10
12
14
16
18

0
1
2
1
2
3
2
3
4

s00
s01
s02
s10
s11
s12
s20
s21
s22


*** No errors detected
 
EXIT STATUS: 0 
</pre>
<h2><a name="coroutine-coroutine_test-msvc-7.1">coroutine - coroutine_test - msvc-7.1</a></h2>
<h3>Run output:</h3><pre>
Running 1 test case...
hello
hello
hello

0
2
4
6
8
10
12
14
16
18

0
1
2
1
2
3
2
3
4

s00
s01
s02
s10
s11
s12
s20
s21
s22


*** No errors detected
 
EXIT STATUS: 0 
</pre>
<h2><a name="coroutine-coroutine_test-msvc-8.0">coroutine - coroutine_test - msvc-8.0</a></h2>
<h3>Run output:</h3><pre>
Running 1 test case...
hello
hello
hello

0
2
4
6
8
10
12
14
16
18

0
1
2
1
2
3
2
3
4

s00
s01
s02
s10
s11
s12
s20
s21
s22


*** No errors detected
 
EXIT STATUS: 0 
</pre>
<h2><a name="coroutine-coro_config_test-gcc-mingw-3.4.2">coroutine - coro_config_test - gcc-mingw-3.4.2</a></h2>
<h3>Run output:</h3><pre>
Running 1 test case...
use Win32 Fiber with SjLj-exceptions support

*** No errors detected
 
EXIT STATUS: 0 
</pre>
<h2><a name="coroutine-coro_config_test-msvc-7.1">coroutine - coro_config_test - msvc-7.1</a></h2>
<h3>Run output:</h3><pre>
Running 1 test case...
use Win32 Fiber

*** No errors detected
 
EXIT STATUS: 0 
</pre>
<h2><a name="coroutine-coro_config_test-msvc-8.0">coroutine - coro_config_test - msvc-8.0</a></h2>
<h3>Run output:</h3><pre>
Running 1 test case...
use Win32 Fiber

*** No errors detected
 
EXIT STATUS: 0 
</pre>
<h2><a name="coroutine-generator_test-gcc-mingw-3.4.2">coroutine - generator_test - gcc-mingw-3.4.2</a></h2>
<h3>Run output:</h3><pre>
*** No errors detected
Running 1 test case...
0
1
2
3
4
5
6
7
8
9
 
EXIT STATUS: 0 
</pre>
<h2><a name="coroutine-generator_test-msvc-7.1">coroutine - generator_test - msvc-7.1</a></h2>
<h3>Run output:</h3><pre>
Running 1 test case...
0
1
2
3
4
5
6
7
8
9

*** No errors detected
 
EXIT STATUS: 0 
</pre>
<h2><a name="coroutine-generator_test-msvc-8.0">coroutine - generator_test - msvc-8.0</a></h2>
<h3>Run output:</h3><pre>
Running 1 test case...
0
1
2
3
4
5
6
7
8
9

*** No errors detected
 
EXIT STATUS: 0 
</pre>
<h2><a name="coroutine-processor_test-gcc-mingw-3.4.2">coroutine - processor_test - gcc-mingw-3.4.2</a></h2>
<h3>Run output:</h3><pre>
Running 1 test case...
0
1
2
3
4
5
6
7
8
9

*** No errors detected
 
EXIT STATUS: 0 
</pre>
<h2><a name="coroutine-processor_test-msvc-7.1">coroutine - processor_test - msvc-7.1</a></h2>
<h3>Run output:</h3><pre>
Running 1 test case...
0
1
2
3
4
5
6
7
8
9

*** No errors detected
 
EXIT STATUS: 0 
</pre>
<h2><a name="coroutine-processor_test-msvc-8.0">coroutine - processor_test - msvc-8.0</a></h2>
<h3>Run output:</h3><pre>
Running 1 test case...
0
1
2
3
4
5
6
7
8
9

*** No errors detected
 
EXIT STATUS: 0 
</pre>
<h2><a name="coroutine-yield_to_arg_test-gcc-mingw-3.4.2">coroutine - yield_to_arg_test - gcc-mingw-3.4.2</a></h2>
<h3>Run output:</h3><pre>
Running 1 test case...
A(10)
B(11)

A(20)
B(21)
A(22)

OK

*** No errors detected
 
EXIT STATUS: 0 
</pre>
<h2><a name="coroutine-yield_to_arg_test-msvc-7.1">coroutine - yield_to_arg_test - msvc-7.1</a></h2>
<h3>Run output:</h3><pre>
Running 1 test case...
A(10)
B(11)

A(20)
B(21)
A(22)

OK

*** No errors detected
 
EXIT STATUS: 0 
</pre>
<h2><a name="coroutine-yield_to_arg_test-msvc-8.0">coroutine - yield_to_arg_test - msvc-8.0</a></h2>
<h3>Run output:</h3><pre>
Running 1 test case...
A(10)
B(11)

A(20)
B(21)
A(22)

OK

*** No errors detected
 
EXIT STATUS: 0 
</pre>
<h2><a name="coroutine-yield_to_res_test-gcc-mingw-3.4.2">coroutine - yield_to_res_test - gcc-mingw-3.4.2</a></h2>
<h3>Run output:</h3><pre>
Running 1 test case...
A
B

A
B
A

A
B
C

OK

*** No errors detected
 
EXIT STATUS: 0 
</pre>
<h2><a name="coroutine-yield_to_res_test-msvc-7.1">coroutine - yield_to_res_test - msvc-7.1</a></h2>
<h3>Run output:</h3><pre>
Running 1 test case...
A
B

A
B
A

A
B
C

OK

*** No errors detected
 
EXIT STATUS: 0 
</pre>
<h2><a name="coroutine-yield_to_res_test-msvc-8.0">coroutine - yield_to_res_test - msvc-8.0</a></h2>
<h3>Run output:</h3><pre>
Running 1 test case...
A
B

A
B
A

A
B
C

OK

*** No errors detected
 
EXIT STATUS: 0 
</pre>
<h2><a name="coroutine-yield_to_test-gcc-mingw-3.4.2">coroutine - yield_to_test - gcc-mingw-3.4.2</a></h2>
<h3>Run output:</h3><pre>
Running 1 test case...
A
B

A
B
A

OK

*** No errors detected
 
EXIT STATUS: 0 
</pre>
<h2><a name="coroutine-yield_to_test-msvc-7.1">coroutine - yield_to_test - msvc-7.1</a></h2>
<h3>Run output:</h3><pre>
Running 1 test case...
A
B

A
B
A

OK

*** No errors detected
 
EXIT STATUS: 0 
</pre>
<h2><a name="coroutine-yield_to_test-msvc-8.0">coroutine - yield_to_test - msvc-8.0</a></h2>
<h3>Run output:</h3><pre>
Running 1 test case...
A
B

A
B
A

OK

*** No errors detected
 
EXIT STATUS: 0 
</pre>
</body>
</html>
